Device: cuda
Mode: auto, num_classes=2, total_bags=100
Label distribution: [62, 38]
Pre-loading first frames from bags...
  [20/100]
  [40/100]
  [60/100]
  [80/100]
  [100/100]
Loaded 100 episodes
Train: 80, Val: 20
Epoch 001/50 | Train Loss: 0.5100 Acc: 0.6875 | Val Loss: 0.1142 Acc: 0.9500 | LR: 0.000999
  -> Saved best (val_acc=0.9500)
Epoch 002/50 | Train Loss: 0.0431 Acc: 0.9875 | Val Loss: 0.0003 Acc: 1.0000 | LR: 0.000996
  -> Saved best (val_acc=1.0000)
Epoch 003/50 | Train Loss: 0.1406 Acc: 0.9375 | Val Loss: 0.0017 Acc: 1.0000 | LR: 0.000991
Epoch 004/50 | Train Loss: 0.2475 Acc: 0.9500 | Val Loss: 0.0313 Acc: 1.0000 | LR: 0.000984
Epoch 005/50 | Train Loss: 0.0324 Acc: 0.9875 | Val Loss: 0.0000 Acc: 1.0000 | LR: 0.000976
Epoch 006/50 | Train Loss: 0.0116 Acc: 1.0000 | Val Loss: 0.0006 Acc: 1.0000 | LR: 0.000965
Epoch 007/50 | Train Loss: 0.0543 Acc: 0.9875 | Val Loss: 0.0006 Acc: 1.0000 | LR: 0.000952
Epoch 008/50 | Train Loss: 0.0861 Acc: 0.9625 | Val Loss: 0.0000 Acc: 1.0000 | LR: 0.000938
Epoch 009/50 | Train Loss: 0.0482 Acc: 0.9750 | Val Loss: 0.0000 Acc: 1.0000 | LR: 0.000922
Epoch 010/50 | Train Loss: 0.0148 Acc: 1.0000 | Val Loss: 0.0000 Acc: 1.0000 | LR: 0.000905
Epoch 011/50 | Train Loss: 0.0061 Acc: 1.0000 | Val Loss: 0.0000 Acc: 1.0000 | LR: 0.000885
Epoch 012/50 | Train Loss: 0.0112 Acc: 1.0000 | Val Loss: 0.0001 Acc: 1.0000 | LR: 0.000864
Epoch 013/50 | Train Loss: 0.0013 Acc: 1.0000 | Val Loss: 0.0001 Acc: 1.0000 | LR: 0.000842
Epoch 014/50 | Train Loss: 0.0003 Acc: 1.0000 | Val Loss: 0.0001 Acc: 1.0000 | LR: 0.000819
Epoch 015/50 | Train Loss: 0.0004 Acc: 1.0000 | Val Loss: 0.0001 Acc: 1.0000 | LR: 0.000794
Epoch 016/50 | Train Loss: 0.0007 Acc: 1.0000 | Val Loss: 0.0001 Acc: 1.0000 | LR: 0.000768
Epoch 017/50 | Train Loss: 0.0003 Acc: 1.0000 | Val Loss: 0.0000 Acc: 1.0000 | LR: 0.000741
Epoch 018/50 | Train Loss: 0.0031 Acc: 1.0000 | Val Loss: 0.0000 Acc: 1.0000 | LR: 0.000713
Epoch 019/50 | Train Loss: 0.0034 Acc: 1.0000 | Val Loss: 0.0000 Acc: 1.0000 | LR: 0.000684
Epoch 020/50 | Train Loss: 0.0001 Acc: 1.0000 | Val Loss: 0.0000 Acc: 1.0000 | LR: 0.000655
Epoch 021/50 | Train Loss: 0.0001 Acc: 1.0000 | Val Loss: 0.0000 Acc: 1.0000 | LR: 0.000624
Epoch 022/50 | Train Loss: 0.0030 Acc: 1.0000 | Val Loss: 0.0000 Acc: 1.0000 | LR: 0.000594
Epoch 023/50 | Train Loss: 0.0001 Acc: 1.0000 | Val Loss: 0.0000 Acc: 1.0000 | LR: 0.000563
Epoch 024/50 | Train Loss: 0.0010 Acc: 1.0000 | Val Loss: 0.0000 Acc: 1.0000 | LR: 0.000531
Epoch 025/50 | Train Loss: 0.0001 Acc: 1.0000 | Val Loss: 0.0000 Acc: 1.0000 | LR: 0.000500
Epoch 026/50 | Train Loss: 0.0000 Acc: 1.0000 | Val Loss: 0.0000 Acc: 1.0000 | LR: 0.000469
Epoch 027/50 | Train Loss: 0.0003 Acc: 1.0000 | Val Loss: 0.0000 Acc: 1.0000 | LR: 0.000437
Epoch 028/50 | Train Loss: 0.0001 Acc: 1.0000 | Val Loss: 0.0000 Acc: 1.0000 | LR: 0.000406
Epoch 029/50 | Train Loss: 0.0001 Acc: 1.0000 | Val Loss: 0.0000 Acc: 1.0000 | LR: 0.000376
Epoch 030/50 | Train Loss: 0.0178 Acc: 0.9875 | Val Loss: 0.0000 Acc: 1.0000 | LR: 0.000345
Epoch 031/50 | Train Loss: 0.0001 Acc: 1.0000 | Val Loss: 0.0000 Acc: 1.0000 | LR: 0.000316
Epoch 032/50 | Train Loss: 0.0004 Acc: 1.0000 | Val Loss: 0.0000 Acc: 1.0000 | LR: 0.000287
Epoch 033/50 | Train Loss: 0.0159 Acc: 0.9875 | Val Loss: 0.0000 Acc: 1.0000 | LR: 0.000259
Epoch 034/50 | Train Loss: 0.0059 Acc: 1.0000 | Val Loss: 0.0000 Acc: 1.0000 | LR: 0.000232
Epoch 035/50 | Train Loss: 0.0235 Acc: 0.9875 | Val Loss: 0.0000 Acc: 1.0000 | LR: 0.000206
Epoch 036/50 | Train Loss: 0.0003 Acc: 1.0000 | Val Loss: 0.0000 Acc: 1.0000 | LR: 0.000181
Epoch 037/50 | Train Loss: 0.0083 Acc: 1.0000 | Val Loss: 0.0000 Acc: 1.0000 | LR: 0.000158
Epoch 038/50 | Train Loss: 0.0112 Acc: 0.9875 | Val Loss: 0.0000 Acc: 1.0000 | LR: 0.000136
Epoch 039/50 | Train Loss: 0.0002 Acc: 1.0000 | Val Loss: 0.0000 Acc: 1.0000 | LR: 0.000115
Epoch 040/50 | Train Loss: 0.0001 Acc: 1.0000 | Val Loss: 0.0000 Acc: 1.0000 | LR: 0.000095
Epoch 041/50 | Train Loss: 0.0164 Acc: 0.9875 | Val Loss: 0.0000 Acc: 1.0000 | LR: 0.000078
Epoch 042/50 | Train Loss: 0.0001 Acc: 1.0000 | Val Loss: 0.0000 Acc: 1.0000 | LR: 0.000062
Epoch 043/50 | Train Loss: 0.0001 Acc: 1.0000 | Val Loss: 0.0000 Acc: 1.0000 | LR: 0.000048
Epoch 044/50 | Train Loss: 0.0000 Acc: 1.0000 | Val Loss: 0.0000 Acc: 1.0000 | LR: 0.000035
Epoch 045/50 | Train Loss: 0.0067 Acc: 1.0000 | Val Loss: 0.0000 Acc: 1.0000 | LR: 0.000024
Epoch 046/50 | Train Loss: 0.0000 Acc: 1.0000 | Val Loss: 0.0000 Acc: 1.0000 | LR: 0.000016
Epoch 047/50 | Train Loss: 0.0002 Acc: 1.0000 | Val Loss: 0.0000 Acc: 1.0000 | LR: 0.000009
Epoch 048/50 | Train Loss: 0.0000 Acc: 1.0000 | Val Loss: 0.0000 Acc: 1.0000 | LR: 0.000004
Epoch 049/50 | Train Loss: 0.0005 Acc: 1.0000 | Val Loss: 0.0000 Acc: 1.0000 | LR: 0.000001
Epoch 050/50 | Train Loss: 0.0005 Acc: 1.0000 | Val Loss: 0.0000 Acc: 1.0000 | LR: 0.000000

Done. Best val acc: 1.0000
Saved to: /workspace/Mult-skill ACT/VC-ACT/models/exp_auto/cluster_classifier
