[2026-03-05 14:34:05] === 步骤 1: 等待数据转换完成 ===
[2026-03-05 14:34:05] 数据转换进行中，等待 60s...
[2026-03-05 14:35:05] 数据转换进行中，等待 60s...
[2026-03-05 14:36:05] 数据转换进行中，等待 60s...
[2026-03-05 14:37:05] 数据转换进行中，等待 60s...
[2026-03-05 14:38:05] 数据转换进行中，等待 60s...
[2026-03-05 14:39:05] 数据转换进行中，等待 60s...
[2026-03-05 14:40:05] 数据转换进行中，等待 60s...
[2026-03-05 14:41:05] 数据转换进行中，等待 60s...
[2026-03-05 14:42:05] 数据转换进行中，等待 60s...
[2026-03-05 14:43:05] 数据转换进行中，等待 60s...
[2026-03-05 14:44:05] 数据转换进行中，等待 60s...
[2026-03-05 14:45:05] 数据转换进行中，等待 60s...
[2026-03-05 14:46:05] 数据转换进行中，等待 60s...
[2026-03-05 14:47:05] 数据转换进行中，等待 60s...
[2026-03-05 14:48:05] 数据转换进行中，等待 60s...
[2026-03-05 14:49:05] 数据转换进行中，等待 60s...
[2026-03-05 14:50:05] 数据转换进行中，等待 60s...
[2026-03-05 14:51:05] 数据转换进行中，等待 60s...
[2026-03-05 14:52:05] 数据转换进行中，等待 60s...
[2026-03-05 14:53:05] 数据转换进行中，等待 60s...
[2026-03-05 14:54:05] 数据转换进行中，等待 60s...
[2026-03-05 14:55:05] 数据转换进行中，等待 60s...
[2026-03-05 14:56:05] 数据转换进行中，等待 60s...
[2026-03-05 14:57:05] 数据转换进行中，等待 60s...
[2026-03-05 14:58:05] 数据转换进行中，等待 60s...
[2026-03-05 14:59:05] 数据转换进行中，等待 60s...
[2026-03-05 15:00:05] 数据转换进行中，等待 60s...
[2026-03-05 15:01:05] 数据转换进行中，等待 60s...
[2026-03-05 15:02:05] 数据转换进行中，等待 60s...
[2026-03-05 15:03:05] 数据转换进行中，等待 60s...
[2026-03-05 15:04:05] 数据转换进行中，等待 60s...
[2026-03-05 15:05:05] 数据转换进行中，等待 60s...
[2026-03-05 15:06:05] 数据转换进行中，等待 60s...
[2026-03-05 15:07:05] 数据转换进行中，等待 60s...
[2026-03-05 15:08:05] 数据转换进行中，等待 60s...
[2026-03-05 15:09:05] 数据转换进行中，等待 60s...
[2026-03-05 15:10:05] 数据转换进行中，等待 60s...
[2026-03-05 15:11:05] 数据转换进行中，等待 60s...
[2026-03-05 15:12:05] 数据转换进行中，等待 60s...
[2026-03-05 15:13:05] 数据转换进行中，等待 60s...
[2026-03-05 15:14:05] 数据转换进行中，等待 60s...
[2026-03-05 15:15:05] 数据转换进行中，等待 60s...
[2026-03-05 15:16:05] 数据转换进行中，等待 60s...
[2026-03-05 15:17:05] 数据转换进行中，等待 60s...
[2026-03-05 15:18:05] 数据转换进行中，等待 60s...
[2026-03-05 15:19:05] 数据转换进行中，等待 60s...
[2026-03-05 15:20:06] 数据转换进行中，等待 60s...
[2026-03-05 15:21:06] 数据转换进行中，等待 60s...
[2026-03-05 15:22:06] 数据转换进行中，等待 60s...
[2026-03-05 15:23:06] 数据转换进行中，等待 60s...
[2026-03-05 15:24:06] 数据转换进行中，等待 60s...
[2026-03-05 15:25:06] 数据转换进行中，等待 60s...
[2026-03-05 15:26:06] 数据转换进行中，等待 60s...
[2026-03-05 15:27:06] 数据转换进行中，等待 60s...
[2026-03-05 15:28:06] 数据转换进行中，等待 60s...
[2026-03-05 15:29:06] 数据转换进行中，等待 60s...
[2026-03-05 15:30:06] 数据转换进行中，等待 60s...
[2026-03-05 15:31:06] 数据转换进行中，等待 60s...
[2026-03-05 15:32:06] 数据转换进行中，等待 60s...
[2026-03-05 15:33:06] 数据转换进行中，等待 60s...
[2026-03-05 15:34:06] 数据转换进行中，等待 60s...
[2026-03-05 15:35:06] 数据转换进行中，等待 60s...
[2026-03-05 15:36:06] 数据转换进行中，等待 60s...
[2026-03-05 15:37:06] 数据转换进行中，等待 60s...
[2026-03-05 15:38:06] 数据转换进行中，等待 60s...
[2026-03-05 15:39:06] 数据转换进行中，等待 60s...
[2026-03-05 15:40:06] 数据转换进行中，等待 60s...
[2026-03-05 15:41:06] 数据转换进行中，等待 60s...
[2026-03-05 15:42:06] 数据转换进行中，等待 60s...
[2026-03-05 15:43:06] 数据转换进行中，等待 60s...
[2026-03-05 15:44:06] 数据转换进行中，等待 60s...
[2026-03-05 15:45:06] 数据转换进行中，等待 60s...
[2026-03-05 15:46:06] 数据转换进行中，等待 60s...
[2026-03-05 15:47:06] 数据转换进行中，等待 60s...
[2026-03-05 15:48:06] 数据转换进行中，等待 60s...
[2026-03-05 15:49:06] 数据转换完成
[2026-03-05 15:49:06] 数据集验证通过
[2026-03-05 15:49:06] === 步骤 2: 启动 ACT 训练 ===
[2026-03-05 15:49:06] 找到空闲 GPU 1，启动 ACT 训练
[2026-03-05 15:49:06] ACT 训练已启动，PID=3593850, GPU=1
[2026-03-05 15:49:06] === 步骤 3: 启动 MoE-ACT 训练 ===
[2026-03-05 15:49:06] 找到空闲 GPU 1，启动 MoE-ACT 训练
[2026-03-05 15:49:06] MoE-ACT 训练已启动，PID=3593863, GPU=1
[2026-03-05 15:49:06] === 步骤 4: 监控训练进程 ===
[2026-03-05 15:49:06] ACT 训练: PID=3593850, GPU=1, 日志: /workspace/Mult-skill ACT/train/pick_mix_act.log
[2026-03-05 15:49:06] MoE-ACT 训练: PID=3593863, GPU=1, 日志: /workspace/Mult-skill ACT/train/pick_mix_moe_act.log
[2026-03-05 17:47:58] ACT 训练完成，退出码: 0
[2026-03-05 21:30:00] MoE-ACT 训练完成，退出码: 0
[2026-03-05 21:30:00] === 所有任务完成 ===
[2026-03-05 21:30:00] ACT 模型输出: /workspace/Mult-skill ACT/models/pick_mix_act/
[2026-03-05 21:30:00] MoE-ACT 模型输出: /workspace/Mult-skill ACT/models/pick_mix_moe_act/
[2026-03-05 21:30:00] ✓ 所有训练成功完成
